 [04-29-2017 15:33:32] Fire-location on map (20,36)
 [04-29-2017 15:33:33] Iteration 1 -> best location detected by swarm (39,21)
 [04-29-2017 15:33:33] Iteration 2 -> best location detected by swarm (13,19)
 [04-29-2017 15:33:33] Iteration 3 -> best location detected by swarm (18,33)
 [04-29-2017 15:33:33] Iteration 4 -> best location detected by swarm (17,34)
 [04-29-2017 15:33:34] Iteration 5 -> best location detected by swarm (24,38)
 [04-29-2017 15:33:34] Iteration 6 -> best location detected by swarm (20,38)
 [04-29-2017 15:33:34] Iteration 7 -> best location detected by swarm (23,38)
 [04-29-2017 15:33:35] Iteration 8 -> best location detected by swarm (17,35)
 [04-29-2017 15:33:35] Iteration 9 -> best location detected by swarm (20,39)
 [04-29-2017 15:33:35] Iteration 10 -> best location detected by swarm (21,35)
 [04-29-2017 15:33:36] Iteration 11 -> best location detected by swarm (21,35)
 [04-29-2017 15:33:36] Iteration 12 -> best location detected by swarm (21,35)
 [04-29-2017 15:33:36] Iteration 13 -> best location detected by swarm (23,33)
 [04-29-2017 15:33:37] Iteration 14 -> best location detected by swarm (17,36)
 [04-29-2017 15:33:37] Iteration 15 -> best location detected by swarm (17,36)
 [04-29-2017 15:33:37] Iteration 16 -> best location detected by swarm (20,36)
 [04-29-2017 15:33:37] Iteration 17 -> best location detected by swarm (20,36)
 [04-29-2017 15:33:38] Iteration 18 -> best location detected by swarm (20,36)
 [04-29-2017 15:33:38] Iteration 19 -> best location detected by swarm (20,36)
 [04-29-2017 15:33:38] Iteration 20 -> best location detected by swarm (20,36)
 [04-29-2017 15:33:39] Iteration 21 -> best location detected by swarm (20,36)
 [04-29-2017 15:33:39] Iteration 22 -> best location detected by swarm (20,36)
 [04-29-2017 15:33:39] Iteration 23 -> best location detected by swarm (20,36)
 [04-29-2017 15:33:40] Iteration 24 -> best location detected by swarm (20,36)
 [04-29-2017 15:33:40] Iteration 25 -> best location detected by swarm (20,36)
 [04-29-2017 15:33:40] Iteration 26 -> best location detected by swarm (20,36)
 [04-29-2017 15:33:41] Iteration 27 -> best location detected by swarm (20,36)
 [04-29-2017 15:33:41] Iteration 28 -> best location detected by swarm (20,36)
 [04-29-2017 15:33:41] Iteration 29 -> best location detected by swarm (20,36)
 [04-29-2017 15:33:41] Iteration 30 -> best location detected by swarm (20,36)
 [04-29-2017 15:33:42] Iteration 31 -> best location detected by swarm (20,36)
 [04-29-2017 15:33:42] Iteration 32 -> best location detected by swarm (20,36)
 [04-29-2017 15:33:42] Iteration 33 -> best location detected by swarm (20,36)
 [04-29-2017 15:33:43] Iteration 34 -> best location detected by swarm (20,36)
 [04-29-2017 15:33:43] Iteration 35 -> best location detected by swarm (20,36)
 [04-29-2017 15:33:43] Iteration 36 -> best location detected by swarm (20,36)
 [04-29-2017 15:33:44] Iteration 37 -> best location detected by swarm (20,36)
 [04-29-2017 15:33:44] Iteration 38 -> best location detected by swarm (20,36)
 [04-29-2017 15:33:44] Iteration 39 -> best location detected by swarm (20,36)
 [04-29-2017 15:33:44] Iteration 40 -> best location detected by swarm (20,36)
 [04-29-2017 15:33:45] Iteration 41 -> best location detected by swarm (20,36)
 [04-29-2017 15:33:45] Iteration 42 -> best location detected by swarm (20,36)
 [04-29-2017 15:33:45] Iteration 43 -> best location detected by swarm (20,36)
 [04-29-2017 15:33:45] 

All drones at fire location in iteration 43 -> Total Time taken: 13.137 seconds
 [04-29-2017 15:34:15] 

Fire location updated to (32,20)
 [04-29-2017 15:34:15] Iteration 1 -> best location detected by swarm (32,19)
 [04-29-2017 15:34:16] 

Fire location updated to (19,20)
 [04-29-2017 15:34:16] Iteration 1 -> best location detected by swarm (22,20)
 [04-29-2017 15:34:16] Iteration 2 -> best location detected by swarm (22,22)
 [04-29-2017 15:34:16] Iteration 3 -> best location detected by swarm (23,22)
 [04-29-2017 15:34:16] Iteration 4 -> best location detected by swarm (16,17)
 [04-29-2017 15:34:16] Iteration 5 -> best location detected by swarm (16,20)
 [04-29-2017 15:34:17] Iteration 6 -> best location detected by swarm (16,23)
 [04-29-2017 15:34:17] Iteration 7 -> best location detected by swarm (22,23)
 [04-29-2017 15:34:17] Iteration 8 -> best location detected by swarm (22,23)
 [04-29-2017 15:34:17] Iteration 9 -> best location detected by swarm (22,23)
 [04-29-2017 15:34:17] Iteration 10 -> best location detected by swarm (16,17)
 [04-29-2017 15:34:17] Iteration 11 -> best location detected by swarm (20,20)
 [04-29-2017 15:34:18] Iteration 12 -> best location detected by swarm (20,20)
 [04-29-2017 15:34:18] Iteration 13 -> best location detected by swarm (22,23)
 [04-29-2017 15:34:18] Iteration 14 -> best location detected by swarm (22,23)
 [04-29-2017 15:34:18] Iteration 15 -> best location detected by swarm (22,23)
 [04-29-2017 15:34:18] Iteration 16 -> best location detected by swarm (16,17)
 [04-29-2017 15:34:18] Iteration 17 -> best location detected by swarm (19,20)
 [04-29-2017 15:34:18] Iteration 18 -> best location detected by swarm (19,20)
 [04-29-2017 15:34:19] Iteration 19 -> best location detected by swarm (19,20)
 [04-29-2017 15:34:19] Iteration 20 -> best location detected by swarm (19,20)
 [04-29-2017 15:34:19] Iteration 21 -> best location detected by swarm (19,20)
 [04-29-2017 15:34:19] Iteration 22 -> best location detected by swarm (19,20)
 [04-29-2017 15:34:19] Iteration 23 -> best location detected by swarm (19,20)
 [04-29-2017 15:34:19] Iteration 24 -> best location detected by swarm (19,20)
 [04-29-2017 15:34:19] Iteration 25 -> best location detected by swarm (19,20)
 [04-29-2017 15:34:20] Iteration 26 -> best location detected by swarm (19,20)
 [04-29-2017 15:34:20] Iteration 27 -> best location detected by swarm (19,20)
 [04-29-2017 15:34:20] Iteration 28 -> best location detected by swarm (19,20)
 [04-29-2017 15:34:20] Iteration 29 -> best location detected by swarm (19,20)
 [04-29-2017 15:34:20] Iteration 30 -> best location detected by swarm (19,20)
 [04-29-2017 15:34:20] Iteration 31 -> best location detected by swarm (19,20)
 [04-29-2017 15:34:21] Iteration 32 -> best location detected by swarm (19,20)
 [04-29-2017 15:34:21] Iteration 33 -> best location detected by swarm (19,20)
 [04-29-2017 15:34:21] Iteration 34 -> best location detected by swarm (19,20)
 [04-29-2017 15:34:21] Iteration 35 -> best location detected by swarm (19,20)
 [04-29-2017 15:34:21] Iteration 36 -> best location detected by swarm (19,20)
 [04-29-2017 15:34:21] Iteration 37 -> best location detected by swarm (19,20)
 [04-29-2017 15:34:22] Iteration 38 -> best location detected by swarm (19,20)
 [04-29-2017 15:34:22] Iteration 39 -> best location detected by swarm (19,20)
 [04-29-2017 15:34:22] Iteration 40 -> best location detected by swarm (19,20)
 [04-29-2017 15:34:22] Iteration 41 -> best location detected by swarm (19,20)
 [04-29-2017 15:34:22] Iteration 42 -> best location detected by swarm (19,20)
 [04-29-2017 15:34:22] Iteration 43 -> best location detected by swarm (19,20)
 [04-29-2017 15:34:22] Iteration 44 -> best location detected by swarm (19,20)
 [04-29-2017 15:34:23] Iteration 45 -> best location detected by swarm (19,20)
 [04-29-2017 15:34:23] Iteration 46 -> best location detected by swarm (19,20)
 [04-29-2017 15:34:23] Iteration 47 -> best location detected by swarm (19,20)
 [04-29-2017 15:34:23] Iteration 48 -> best location detected by swarm (19,20)
 [04-29-2017 15:34:23] Iteration 49 -> best location detected by swarm (19,20)
 [04-29-2017 15:34:23] Iteration 50 -> best location detected by swarm (19,20)
 [04-29-2017 15:34:23] Iteration 51 -> best location detected by swarm (19,20)
 [04-29-2017 15:34:24] Iteration 52 -> best location detected by swarm (19,20)
 [04-29-2017 15:34:24] Iteration 53 -> best location detected by swarm (19,20)
 [04-29-2017 15:34:24] Iteration 54 -> best location detected by swarm (19,20)
 [04-29-2017 15:34:24] Iteration 55 -> best location detected by swarm (19,20)
 [04-29-2017 15:34:24] Iteration 56 -> best location detected by swarm (19,20)
 [04-29-2017 15:34:24] Iteration 57 -> best location detected by swarm (19,20)
 [04-29-2017 15:34:25] Iteration 58 -> best location detected by swarm (19,20)
 [04-29-2017 15:34:25] 

All drones at fire location in iteration 58 -> Total Time taken: 8.793 seconds
 [04-29-2017 15:34:25] Iteration 59 -> best location detected by swarm (19,20)
 [04-29-2017 15:34:25] Iteration 60 -> best location detected by swarm (19,20)
 [04-29-2017 15:34:25] Iteration 61 -> best location detected by swarm (19,20)
 [04-29-2017 15:34:25] 

All drones at fire location in iteration 61 -> Total Time taken: 9.514 seconds
